e:\serverdevelopment\socketserver_guichattingprogram\project\jigapserverclr\release\jigapserverclr.pch
e:\serverdevelopment\socketserver_guichattingprogram\project\jigapserverclr\release\vc142.pdb
e:\serverdevelopment\socketserver_guichattingprogram\project\jigapserverclr\release\pch.obj
e:\serverdevelopment\socketserver_guichattingprogram\project\jigapserverclr\release\jigapserverclr.obj
e:\serverdevelopment\socketserver_guichattingprogram\project\jigapserverclr\release\assemblyinfo.obj
e:\serverdevelopment\socketserver_guichattingprogram\project\jigapserverclr\release\.netframework,version=v4.6.1.assemblyattributes.obj
e:\serverdevelopment\socketserver_guichattingprogram\project\jigapserverclr\release\.netframework,version=v4.6.1.assemblyattributes.asm
e:\serverdevelopment\socketserver_guichattingprogram\project\jigapserverclr\release\app.res
e:\serverdevelopment\socketserver_guichattingprogram\project\jigapserverclr\release\jigapserverclr.vcxprojassemblyreference.cache
e:\serverdevelopment\socketserver_guichattingprogram\project\jigapserverclr\release\jigapserverclr.tlog\cl.command.1.tlog
e:\serverdevelopment\socketserver_guichattingprogram\project\jigapserverclr\release\jigapserverclr.tlog\cl.read.1.tlog
e:\serverdevelopment\socketserver_guichattingprogram\project\jigapserverclr\release\jigapserverclr.tlog\cl.write.1.tlog
e:\serverdevelopment\socketserver_guichattingprogram\project\jigapserverclr\release\jigapserverclr.tlog\link.10960.read.1.tlog
e:\serverdevelopment\socketserver_guichattingprogram\project\jigapserverclr\release\jigapserverclr.tlog\link.10960.write.1.tlog
e:\serverdevelopment\socketserver_guichattingprogram\project\jigapserverclr\release\jigapserverclr.tlog\link.command.1.tlog
e:\serverdevelopment\socketserver_guichattingprogram\project\jigapserverclr\release\jigapserverclr.tlog\link.read.1.tlog
e:\serverdevelopment\socketserver_guichattingprogram\project\jigapserverclr\release\jigapserverclr.tlog\link.write.1.tlog
e:\serverdevelopment\socketserver_guichattingprogram\project\jigapserverclr\release\jigapserverclr.tlog\metagen.read.1.tlog
e:\serverdevelopment\socketserver_guichattingprogram\project\jigapserverclr\release\jigapserverclr.tlog\metagen.write.1.tlog
e:\serverdevelopment\socketserver_guichattingprogram\project\jigapserverclr\release\jigapserverclr.tlog\rc.command.1.tlog
e:\serverdevelopment\socketserver_guichattingprogram\project\jigapserverclr\release\jigapserverclr.tlog\rc.read.1.tlog
e:\serverdevelopment\socketserver_guichattingprogram\project\jigapserverclr\release\jigapserverclr.tlog\rc.write.1.tlog
