e:\serverdevelopment\socketserver_guichattingprogram\jigapclientclr\debug\jigapclientclr.pch
e:\serverdevelopment\socketserver_guichattingprogram\jigapclientclr\debug\vc142.pdb
e:\serverdevelopment\socketserver_guichattingprogram\jigapclientclr\debug\pch.obj
e:\serverdevelopment\socketserver_guichattingprogram\jigapclientclr\debug\jigapclientclr.obj
e:\serverdevelopment\socketserver_guichattingprogram\jigapclientclr\debug\assemblyinfo.obj
e:\serverdevelopment\socketserver_guichattingprogram\jigapclientclr\debug\.netframework,version=v4.7.2.assemblyattributes.obj
e:\serverdevelopment\socketserver_guichattingprogram\jigapclientclr\debug\.netframework,version=v4.7.2.assemblyattributes.asm
e:\serverdevelopment\socketserver_guichattingprogram\debug\jigapclientclr.dll
e:\serverdevelopment\socketserver_guichattingprogram\debug\jigapclientclr.pdb
e:\serverdevelopment\socketserver_guichattingprogram\jigapclientclr\debug\app.res
e:\serverdevelopment\socketserver_guichattingprogram\jigapclientclr\debug\jigapclientclr.tlog\cl.command.1.tlog
e:\serverdevelopment\socketserver_guichattingprogram\jigapclientclr\debug\jigapclientclr.tlog\cl.read.1.tlog
e:\serverdevelopment\socketserver_guichattingprogram\jigapclientclr\debug\jigapclientclr.tlog\cl.write.1.tlog
e:\serverdevelopment\socketserver_guichattingprogram\jigapclientclr\debug\jigapclientclr.tlog\link.command.1.tlog
e:\serverdevelopment\socketserver_guichattingprogram\jigapclientclr\debug\jigapclientclr.tlog\link.read.1.tlog
e:\serverdevelopment\socketserver_guichattingprogram\jigapclientclr\debug\jigapclientclr.tlog\link.write.1.tlog
e:\serverdevelopment\socketserver_guichattingprogram\jigapclientclr\debug\jigapclientclr.tlog\metagen.read.1.tlog
e:\serverdevelopment\socketserver_guichattingprogram\jigapclientclr\debug\jigapclientclr.tlog\metagen.write.1.tlog
e:\serverdevelopment\socketserver_guichattingprogram\jigapclientclr\debug\jigapclientclr.tlog\rc.command.1.tlog
e:\serverdevelopment\socketserver_guichattingprogram\jigapclientclr\debug\jigapclientclr.tlog\rc.read.1.tlog
e:\serverdevelopment\socketserver_guichattingprogram\jigapclientclr\debug\jigapclientclr.tlog\rc.write.1.tlog
