e:\serverdevelopment\socketserver_guichattingprogram\project\jigapserverclr\debug\jigapserverclr.pch
e:\serverdevelopment\socketserver_guichattingprogram\project\jigapserverclr\debug\vc142.pdb
e:\serverdevelopment\socketserver_guichattingprogram\project\jigapserverclr\debug\pch.obj
e:\serverdevelopment\socketserver_guichattingprogram\project\jigapserverclr\debug\jigapserverclr.obj
e:\serverdevelopment\socketserver_guichattingprogram\project\jigapserverclr\debug\assemblyinfo.obj
e:\serverdevelopment\socketserver_guichattingprogram\project\jigapserverclr\debug\.netframework,version=v4.6.1.assemblyattributes.obj
e:\serverdevelopment\socketserver_guichattingprogram\project\jigapserverclr\debug\.netframework,version=v4.6.1.assemblyattributes.asm
e:\serverdevelopment\socketserver_guichattingprogram\project\debug\jigapserverclr.dll
e:\serverdevelopment\socketserver_guichattingprogram\project\debug\jigapserverclr.pdb
e:\serverdevelopment\socketserver_guichattingprogram\project\jigapserverclr\debug\app.res
e:\serverdevelopment\socketserver_guichattingprogram\project\jigapserverclr\debug\jigapserverclr.tlog\cl.command.1.tlog
e:\serverdevelopment\socketserver_guichattingprogram\project\jigapserverclr\debug\jigapserverclr.tlog\cl.read.1.tlog
e:\serverdevelopment\socketserver_guichattingprogram\project\jigapserverclr\debug\jigapserverclr.tlog\cl.write.1.tlog
e:\serverdevelopment\socketserver_guichattingprogram\project\jigapserverclr\debug\jigapserverclr.tlog\link.command.1.tlog
e:\serverdevelopment\socketserver_guichattingprogram\project\jigapserverclr\debug\jigapserverclr.tlog\link.read.1.tlog
e:\serverdevelopment\socketserver_guichattingprogram\project\jigapserverclr\debug\jigapserverclr.tlog\link.write.1.tlog
e:\serverdevelopment\socketserver_guichattingprogram\project\jigapserverclr\debug\jigapserverclr.tlog\metagen.read.1.tlog
e:\serverdevelopment\socketserver_guichattingprogram\project\jigapserverclr\debug\jigapserverclr.tlog\metagen.write.1.tlog
e:\serverdevelopment\socketserver_guichattingprogram\project\jigapserverclr\debug\jigapserverclr.tlog\rc.command.1.tlog
e:\serverdevelopment\socketserver_guichattingprogram\project\jigapserverclr\debug\jigapserverclr.tlog\rc.read.1.tlog
e:\serverdevelopment\socketserver_guichattingprogram\project\jigapserverclr\debug\jigapserverclr.tlog\rc.write.1.tlog
